<?xml version="1.0" encoding="UTF-8"?>
<!-- Generated by org.testng.reporters.JUnitReportReporter -->
<testsuite hostname="DESKTOP-42O9EFA" failures="0" tests="3" name="Testngpack.Demo" time="0.028" errors="0" timestamp="2022-06-03T10:00:49 IST" skipped="0">
  <testcase classname="Testngpack.Demo" name="method2" time="0.003"/>
  <system-out>
    <![CDATA[method2 exicuted]]>
  </system-out>
  <testcase classname="Testngpack.Demo" name="method1" time="0.017"/>
  <system-out>
    <![CDATA[method1 exicuted]]>
  </system-out>
  <testcase classname="Testngpack.Demo" name="method3" time="0.008"/>
  <system-out>
    <![CDATA[method3 exicuted]]>
  </system-out>
</testsuite> <!-- Testngpack.Demo -->
