<?xml version="1.0" encoding="UTF-8"?>
<!-- Generated by org.testng.reporters.JUnitReportReporter -->
<testsuite hostname="DESKTOP-42O9EFA" failures="0" tests="1" name="Flags.class2" time="9.756" errors="0" timestamp="2022-06-08T08:27:22 IST" skipped="0">
  <testcase classname="Flags.class2" name="f" time="9.756"/>
  <system-out/>
</testsuite> <!-- Flags.class2 -->
