<?xml version="1.0" encoding="UTF-8"?>
<!-- Generated by org.testng.reporters.JUnitReportReporter -->
<testsuite hostname="DESKTOP-42O9EFA" failures="0" tests="1" name="Flags.class1" time="17.064" errors="0" timestamp="2022-06-08T08:25:30 IST" skipped="0">
  <testcase classname="Flags.class1" name="f" time="17.064"/>
  <system-out/>
</testsuite> <!-- Flags.class1 -->
