<?xml version="1.0" encoding="UTF-8"?>
<!-- Generated by org.testng.reporters.JUnitReportReporter -->
<testsuite hostname="DESKTOP-42O9EFA" failures="0" tests="6" name="Flags.flag7" time="0.032" errors="0" timestamp="2022-06-06T09:56:53 IST" skipped="0">
  <testcase classname="Flags.flag7" name="st3" time="0.005"/>
  <system-out>
    <![CDATA[st3]]>
  </system-out>
  <testcase classname="Flags.flag7" name="it2" time="0.002"/>
  <system-out>
    <![CDATA[it2 ]]>
  </system-out>
  <testcase classname="Flags.flag7" name="it3" time="0.003"/>
  <system-out>
    <![CDATA[it3]]>
  </system-out>
  <testcase classname="Flags.flag7" name="st1" time="0.003"/>
  <system-out>
    <![CDATA[st1 ]]>
  </system-out>
  <testcase classname="Flags.flag7" name="st2" time="0.002"/>
  <system-out>
    <![CDATA[st2 ]]>
  </system-out>
  <testcase classname="Flags.flag7" name="it1" time="0.017"/>
  <system-out>
    <![CDATA[it1 ]]>
  </system-out>
</testsuite> <!-- Flags.flag7 -->
