<?xml version="1.0" encoding="UTF-8"?>
<!-- Generated by org.testng.reporters.JUnitReportReporter -->
<testsuite hostname="DESKTOP-42O9EFA" failures="0" tests="1" name="Flags.Class3" time="10.515" errors="0" timestamp="2022-06-08T08:29:20 IST" skipped="0">
  <testcase classname="Flags.Class3" name="f" time="10.515"/>
  <system-out/>
</testsuite> <!-- Flags.Class3 -->
